[28820:24292:0311/001340.987:WARNING:chrome_main_delegate.cc(745)] This is Chrome version 128.0.6613.138 (not a warning)
[28820:432:0311/001341.241:ERROR:google_update_settings.cc(265)] Failed opening key Software\Chromium to set usagestats; result: 5
[28820:24292:0311/001341.338:WARNING:account_consistency_mode_manager.cc(77)] Desktop Identity Consistency cannot be enabled as no OAuth client ID and client secret have been configured.
[28820:20648:0311/001346.964:WARNING:leveldb_database.cc(141)] Unable to open C:\Users\adria\Documents\Unreal Projects\Kisereu_312\Kisereu_312_blank\Saved\webcache_6613\Default\shared_proto_db\metadata: IO error: C:\Users\adria\Documents\Unreal Projects\Kisereu_312\Kisereu_312_blank\Saved\webcache_6613\Default\shared_proto_db\metadata/MANIFEST-000001: Unable to create sequential file (ChromeMethodBFE: 7::NewSequentialFile::1)
[28820:20648:0311/001346.968:WARNING:leveldb_database.cc(141)] Unable to open C:\Users\adria\Documents\Unreal Projects\Kisereu_312\Kisereu_312_blank\Saved\webcache_6613\Default\shared_proto_db\metadata: IO error: C:\Users\adria\Documents\Unreal Projects\Kisereu_312\Kisereu_312_blank\Saved\webcache_6613\Default\shared_proto_db\metadata/MANIFEST-000001: Unable to create sequential file (ChromeMethodBFE: 7::NewSequentialFile::1)
[28820:20648:0311/001346.970:WARNING:leveldb_database.cc(141)] Unable to open C:\Users\adria\Documents\Unreal Projects\Kisereu_312\Kisereu_312_blank\Saved\webcache_6613\Default\shared_proto_db\metadata: IO error: C:\Users\adria\Documents\Unreal Projects\Kisereu_312\Kisereu_312_blank\Saved\webcache_6613\Default\shared_proto_db\metadata/MANIFEST-000001: Unable to create sequential file (ChromeMethodBFE: 7::NewSequentialFile::1)
[28820:20648:0311/001346.974:WARNING:leveldb_database.cc(141)] Unable to open C:\Users\adria\Documents\Unreal Projects\Kisereu_312\Kisereu_312_blank\Saved\webcache_6613\Default\shared_proto_db\metadata: IO error: C:\Users\adria\Documents\Unreal Projects\Kisereu_312\Kisereu_312_blank\Saved\webcache_6613\Default\shared_proto_db\metadata/MANIFEST-000001: Unable to create sequential file (ChromeMethodBFE: 7::NewSequentialFile::1)
[28820:9768:0311/001348.560:WARNING:leveldb_database.cc(141)] Unable to open C:\Users\adria\Documents\Unreal Projects\Kisereu_312\Kisereu_312_blank\Saved\webcache_6613\Default\GCM Store\Encryption: IO error: C:\Users\adria\Documents\Unreal Projects\Kisereu_312\Kisereu_312_blank\Saved\webcache_6613\Default\GCM Store\Encryption/MANIFEST-000001: Unable to create sequential file (ChromeMethodBFE: 7::NewSequentialFile::1)
[28820:20648:0311/001348.856:WARNING:value_store_frontend.cc(47)] Reading ahfgeienlihckogmohjhadlkjgocpleb.alarms from  failed: IO error: .../MANIFEST-000001: Unable to create sequential file (ChromeMethodBFE: 7::NewSequentialFile::1)
[28820:20648:0311/001348.859:WARNING:value_store_frontend.cc(47)] Reading mhjfbmdgcfjbbpaeojofohoefgiehjai.alarms from  failed: IO error: .../MANIFEST-000001: Unable to create sequential file (ChromeMethodBFE: 7::NewSequentialFile::1)
[28820:4828:0311/001349.624:ERROR:cast_crl.cc(443)] CRL - Verification failed.
[28952:33852:0311/001349.960:WARNING:frame_impl.cc(430)] virtual CefFrameImpl::SendProcessMessage sent to detached frame 5-F2900C0682864E5EA887C5E01BA10D34 will be ignored
[28820:4828:0311/001350.484:WARNING:browser_info.cc(345)] Returning a speculative frame for [9,9]
[28820:24292:0311/001350.611:WARNING:browser_info.cc(345)] Returning a speculative frame for [10,9]
[28820:24292:0311/001350.612:WARNING:browser_info.cc(345)] Returning a speculative frame for [10,9]
[28820:24292:0311/001350.612:WARNING:browser_info.cc(345)] Returning a speculative frame for [10,9]
[28820:24292:0311/001350.612:WARNING:browser_info.cc(345)] Returning a speculative frame for [10,9]
[28820:4828:0311/001350.618:WARNING:browser_info.cc(345)] Returning a speculative frame for [10,9]
[4368:12340:0311/001351.450:ERROR:ssl_client_socket_impl.cc(882)] handshake failed; returned -1, SSL error code 1, net_error -100
[4368:12340:0311/001351.474:ERROR:ssl_client_socket_impl.cc(882)] handshake failed; returned -1, SSL error code 1, net_error -100
[4368:12340:0311/001359.607:ERROR:ssl_client_socket_impl.cc(882)] handshake failed; returned -1, SSL error code 1, net_error -107
[4368:12340:0311/001409.047:ERROR:ssl_client_socket_impl.cc(882)] handshake failed; returned -1, SSL error code 1, net_error -100
[31836:25580:0311/001558.950:ERROR:shared_image_manager.cc(224)] SharedImageManager::ProduceSkia: Trying to Produce a Skia representation from a non-existent mailbox.
[31836:25580:0311/001558.950:ERROR:shared_image_manager.cc(224)] SharedImageManager::ProduceSkia: Trying to Produce a Skia representation from a non-existent mailbox.
[28820:24292:0311/012631.162:WARNING:pref_notifier_impl.cc(41)] Pref observer for media_router.cast_allow_all_ips found at shutdown.
