[4056:34472:0315/050745.405:WARNING:chrome_main_delegate.cc(745)] This is Chrome version 128.0.6613.138 (not a warning)
[4056:34576:0315/050745.455:ERROR:google_update_settings.cc(265)] Failed opening key Software\Chromium to set usagestats; result: 5
[4056:34472:0315/050745.477:WARNING:account_consistency_mode_manager.cc(77)] Desktop Identity Consistency cannot be enabled as no OAuth client ID and client secret have been configured.
[4056:8104:0315/050747.973:WARNING:leveldb_database.cc(141)] Unable to open C:\Users\adria\Documents\Unreal Projects\Kisereu_312\Kisereu_312_blank\Saved\webcache_6613\Default\shared_proto_db\metadata: IO error: C:\Users\adria\Documents\Unreal Projects\Kisereu_312\Kisereu_312_blank\Saved\webcache_6613\Default\shared_proto_db\metadata/MANIFEST-000001: Unable to create sequential file (ChromeMethodBFE: 7::NewSequentialFile::1)
[4056:8104:0315/050747.976:WARNING:leveldb_database.cc(141)] Unable to open C:\Users\adria\Documents\Unreal Projects\Kisereu_312\Kisereu_312_blank\Saved\webcache_6613\Default\shared_proto_db\metadata: IO error: C:\Users\adria\Documents\Unreal Projects\Kisereu_312\Kisereu_312_blank\Saved\webcache_6613\Default\shared_proto_db\metadata/MANIFEST-000001: Unable to create sequential file (ChromeMethodBFE: 7::NewSequentialFile::1)
[4056:8104:0315/050747.978:WARNING:leveldb_database.cc(141)] Unable to open C:\Users\adria\Documents\Unreal Projects\Kisereu_312\Kisereu_312_blank\Saved\webcache_6613\Default\shared_proto_db\metadata: IO error: C:\Users\adria\Documents\Unreal Projects\Kisereu_312\Kisereu_312_blank\Saved\webcache_6613\Default\shared_proto_db\metadata/MANIFEST-000001: Unable to create sequential file (ChromeMethodBFE: 7::NewSequentialFile::1)
[4056:8104:0315/050747.980:WARNING:leveldb_database.cc(141)] Unable to open C:\Users\adria\Documents\Unreal Projects\Kisereu_312\Kisereu_312_blank\Saved\webcache_6613\Default\shared_proto_db\metadata: IO error: C:\Users\adria\Documents\Unreal Projects\Kisereu_312\Kisereu_312_blank\Saved\webcache_6613\Default\shared_proto_db\metadata/MANIFEST-000001: Unable to create sequential file (ChromeMethodBFE: 7::NewSequentialFile::1)
[31572:26016:0315/050748.686:WARNING:backend_impl.cc(1764)] Destroying invalid entry.
[31572:26016:0315/050748.687:ERROR:backend_impl.cc(989)] Critical error found -8
[4056:8104:0315/050748.694:WARNING:value_store_frontend.cc(47)] Reading ahfgeienlihckogmohjhadlkjgocpleb.alarms from  failed: IO error: .../MANIFEST-000001: Unable to create sequential file (ChromeMethodBFE: 7::NewSequentialFile::1)
[4056:8104:0315/050748.695:WARNING:value_store_frontend.cc(47)] Reading mhjfbmdgcfjbbpaeojofohoefgiehjai.alarms from  failed: IO error: .../MANIFEST-000001: Unable to create sequential file (ChromeMethodBFE: 7::NewSequentialFile::1)
[31572:26016:0315/050748.796:WARNING:storage_block-inl.h(138)] Failed data load.
[31572:26016:0315/050748.796:WARNING:storage_block-inl.h(138)] Failed data load.
[31572:26016:0315/050748.797:ERROR:entry_impl.cc(955)] Failed to save user data
[34000:34456:0315/050750.096:WARNING:frame_impl.cc(430)] virtual CefFrameImpl::SendProcessMessage sent to detached frame 5-BD6BEAB0961FB845C0B41C8F5F19F932 will be ignored
[31572:21352:0315/050752.106:ERROR:ssl_client_socket_impl.cc(882)] handshake failed; returned -1, SSL error code 1, net_error -107
[31572:21352:0315/050752.802:ERROR:ssl_client_socket_impl.cc(882)] handshake failed; returned -1, SSL error code 1, net_error -100
[4056:35528:0315/050755.239:WARNING:leveldb_database.cc(141)] Unable to open C:\Users\adria\Documents\Unreal Projects\Kisereu_312\Kisereu_312_blank\Saved\webcache_6613\Default\GCM Store\Encryption: IO error: C:\Users\adria\Documents\Unreal Projects\Kisereu_312\Kisereu_312_blank\Saved\webcache_6613\Default\GCM Store\Encryption/MANIFEST-000001: Unable to create sequential file (ChromeMethodBFE: 7::NewSequentialFile::1)
[4056:32248:0315/050800.177:ERROR:cast_crl.cc(443)] CRL - Verification failed.
[31572:21352:0315/050804.104:ERROR:ssl_client_socket_impl.cc(882)] handshake failed; returned -1, SSL error code 1, net_error -100
[31572:21352:0315/050812.462:ERROR:ssl_client_socket_impl.cc(882)] handshake failed; returned -1, SSL error code 1, net_error -100
[4056:34472:0315/050902.655:WARNING:pref_notifier_impl.cc(41)] Pref observer for media_router.cast_allow_all_ips found at shutdown.
